Determining if the pthread_create exist failed with the following output:
Change Dir: /home/ubuntu/qt_ros_ws/build/CMakeFiles/CMakeTmp

Run Build Command:"/usr/bin/make" "cmTC_31355/fast"
/usr/bin/make -f CMakeFiles/cmTC_31355.dir/build.make CMakeFiles/cmTC_31355.dir/build
make[1]: Entering directory '/home/ubuntu/qt_ros_ws/build/CMakeFiles/CMakeTmp'
Building C object CMakeFiles/cmTC_31355.dir/CheckSymbolExists.c.o
/usr/bin/cc     -o CMakeFiles/cmTC_31355.dir/CheckSymbolExists.c.o   -c /home/ubuntu/qt_ros_ws/build/CMakeFiles/CMakeTmp/CheckSymbolExists.c
Linking C executable cmTC_31355
/usr/bin/cmake -E cmake_link_script CMakeFiles/cmTC_31355.dir/link.txt --verbose=1
/usr/bin/cc       CMakeFiles/cmTC_31355.dir/CheckSymbolExists.c.o  -o cmTC_31355 -rdynamic 
CMakeFiles/cmTC_31355.dir/CheckSymbolExists.c.o: In function `main':
CheckSymbolExists.c:(.text+0x14): undefined reference to `pthread_create'
CheckSymbolExists.c:(.text+0x18): undefined reference to `pthread_create'
collect2: error: ld returned 1 exit status
CMakeFiles/cmTC_31355.dir/build.make:97: recipe for target 'cmTC_31355' failed
make[1]: *** [cmTC_31355] Error 1
make[1]: Leaving directory '/home/ubuntu/qt_ros_ws/build/CMakeFiles/CMakeTmp'
Makefile:126: recipe for target 'cmTC_31355/fast' failed
make: *** [cmTC_31355/fast] Error 2

File /home/ubuntu/qt_ros_ws/build/CMakeFiles/CMakeTmp/CheckSymbolExists.c:
/* */
#include <pthread.h>

int main(int argc, char** argv)
{
  (void)argv;
#ifndef pthread_create
  return ((int*)(&pthread_create))[argc];
#else
  (void)argc;
  return 0;
#endif
}

Determining if the function pthread_create exists in the pthreads failed with the following output:
Change Dir: /home/ubuntu/qt_ros_ws/build/CMakeFiles/CMakeTmp

Run Build Command:"/usr/bin/make" "cmTC_d9387/fast"
/usr/bin/make -f CMakeFiles/cmTC_d9387.dir/build.make CMakeFiles/cmTC_d9387.dir/build
make[1]: Entering directory '/home/ubuntu/qt_ros_ws/build/CMakeFiles/CMakeTmp'
Building C object CMakeFiles/cmTC_d9387.dir/CheckFunctionExists.c.o
/usr/bin/cc    -DCHECK_FUNCTION_EXISTS=pthread_create   -o CMakeFiles/cmTC_d9387.dir/CheckFunctionExists.c.o   -c /usr/share/cmake-3.5/Modules/CheckFunctionExists.c
Linking C executable cmTC_d9387
/usr/bin/cmake -E cmake_link_script CMakeFiles/cmTC_d9387.dir/link.txt --verbose=1
/usr/bin/cc   -DCHECK_FUNCTION_EXISTS=pthread_create    CMakeFiles/cmTC_d9387.dir/CheckFunctionExists.c.o  -o cmTC_d9387 -rdynamic -lpthreads 
/usr/bin/ld: cannot find -lpthreads
collect2: error: ld returned 1 exit status
CMakeFiles/cmTC_d9387.dir/build.make:97: recipe for target 'cmTC_d9387' failed
make[1]: *** [cmTC_d9387] Error 1
make[1]: Leaving directory '/home/ubuntu/qt_ros_ws/build/CMakeFiles/CMakeTmp'
Makefile:126: recipe for target 'cmTC_d9387/fast' failed
make: *** [cmTC_d9387/fast] Error 2


Determining if the Q_WS_WIN exist failed with the following output:
Change Dir: /home/ubuntu/qt_ros_ws/build/CMakeFiles/CMakeTmp

Run Build Command:"/usr/bin/make" "cmTC_d2866/fast"
/usr/bin/make -f CMakeFiles/cmTC_d2866.dir/build.make CMakeFiles/cmTC_d2866.dir/build
make[1]: Entering directory '/home/ubuntu/qt_ros_ws/build/CMakeFiles/CMakeTmp'
Building CXX object CMakeFiles/cmTC_d2866.dir/CheckSymbolExists.cxx.o
/usr/bin/c++    -I/usr/include/qt4   -o CMakeFiles/cmTC_d2866.dir/CheckSymbolExists.cxx.o -c /home/ubuntu/qt_ros_ws/build/CMakeFiles/CMakeTmp/CheckSymbolExists.cxx
/home/ubuntu/qt_ros_ws/build/CMakeFiles/CMakeTmp/CheckSymbolExists.cxx: In function ‘int main(int, char**)’:
/home/ubuntu/qt_ros_ws/build/CMakeFiles/CMakeTmp/CheckSymbolExists.cxx:8:19: error: ‘Q_WS_WIN’ was not declared in this scope
   return ((int*)(&Q_WS_WIN))[argc];
                   ^
CMakeFiles/cmTC_d2866.dir/build.make:65: recipe for target 'CMakeFiles/cmTC_d2866.dir/CheckSymbolExists.cxx.o' failed
make[1]: *** [CMakeFiles/cmTC_d2866.dir/CheckSymbolExists.cxx.o] Error 1
make[1]: Leaving directory '/home/ubuntu/qt_ros_ws/build/CMakeFiles/CMakeTmp'
Makefile:126: recipe for target 'cmTC_d2866/fast' failed
make: *** [cmTC_d2866/fast] Error 2

File /home/ubuntu/qt_ros_ws/build/CMakeFiles/CMakeTmp/CheckSymbolExists.cxx:
/* */
#include <QtCore/qglobal.h>

int main(int argc, char** argv)
{
  (void)argv;
#ifndef Q_WS_WIN
  return ((int*)(&Q_WS_WIN))[argc];
#else
  (void)argc;
  return 0;
#endif
}

Determining if the Q_WS_QWS exist failed with the following output:
Change Dir: /home/ubuntu/qt_ros_ws/build/CMakeFiles/CMakeTmp

Run Build Command:"/usr/bin/make" "cmTC_f1295/fast"
/usr/bin/make -f CMakeFiles/cmTC_f1295.dir/build.make CMakeFiles/cmTC_f1295.dir/build
make[1]: Entering directory '/home/ubuntu/qt_ros_ws/build/CMakeFiles/CMakeTmp'
Building CXX object CMakeFiles/cmTC_f1295.dir/CheckSymbolExists.cxx.o
/usr/bin/c++    -I/usr/include/qt4   -o CMakeFiles/cmTC_f1295.dir/CheckSymbolExists.cxx.o -c /home/ubuntu/qt_ros_ws/build/CMakeFiles/CMakeTmp/CheckSymbolExists.cxx
/home/ubuntu/qt_ros_ws/build/CMakeFiles/CMakeTmp/CheckSymbolExists.cxx: In function ‘int main(int, char**)’:
/home/ubuntu/qt_ros_ws/build/CMakeFiles/CMakeTmp/CheckSymbolExists.cxx:8:19: error: ‘Q_WS_QWS’ was not declared in this scope
   return ((int*)(&Q_WS_QWS))[argc];
                   ^
CMakeFiles/cmTC_f1295.dir/build.make:65: recipe for target 'CMakeFiles/cmTC_f1295.dir/CheckSymbolExists.cxx.o' failed
make[1]: *** [CMakeFiles/cmTC_f1295.dir/CheckSymbolExists.cxx.o] Error 1
make[1]: Leaving directory '/home/ubuntu/qt_ros_ws/build/CMakeFiles/CMakeTmp'
Makefile:126: recipe for target 'cmTC_f1295/fast' failed
make: *** [cmTC_f1295/fast] Error 2

File /home/ubuntu/qt_ros_ws/build/CMakeFiles/CMakeTmp/CheckSymbolExists.cxx:
/* */
#include <QtCore/qglobal.h>

int main(int argc, char** argv)
{
  (void)argv;
#ifndef Q_WS_QWS
  return ((int*)(&Q_WS_QWS))[argc];
#else
  (void)argc;
  return 0;
#endif
}

Determining if the Q_WS_MAC exist failed with the following output:
Change Dir: /home/ubuntu/qt_ros_ws/build/CMakeFiles/CMakeTmp

Run Build Command:"/usr/bin/make" "cmTC_e953f/fast"
/usr/bin/make -f CMakeFiles/cmTC_e953f.dir/build.make CMakeFiles/cmTC_e953f.dir/build
make[1]: Entering directory '/home/ubuntu/qt_ros_ws/build/CMakeFiles/CMakeTmp'
Building CXX object CMakeFiles/cmTC_e953f.dir/CheckSymbolExists.cxx.o
/usr/bin/c++    -I/usr/include/qt4   -o CMakeFiles/cmTC_e953f.dir/CheckSymbolExists.cxx.o -c /home/ubuntu/qt_ros_ws/build/CMakeFiles/CMakeTmp/CheckSymbolExists.cxx
/home/ubuntu/qt_ros_ws/build/CMakeFiles/CMakeTmp/CheckSymbolExists.cxx: In function ‘int main(int, char**)’:
/home/ubuntu/qt_ros_ws/build/CMakeFiles/CMakeTmp/CheckSymbolExists.cxx:8:19: error: ‘Q_WS_MAC’ was not declared in this scope
   return ((int*)(&Q_WS_MAC))[argc];
                   ^
CMakeFiles/cmTC_e953f.dir/build.make:65: recipe for target 'CMakeFiles/cmTC_e953f.dir/CheckSymbolExists.cxx.o' failed
make[1]: *** [CMakeFiles/cmTC_e953f.dir/CheckSymbolExists.cxx.o] Error 1
make[1]: Leaving directory '/home/ubuntu/qt_ros_ws/build/CMakeFiles/CMakeTmp'
Makefile:126: recipe for target 'cmTC_e953f/fast' failed
make: *** [cmTC_e953f/fast] Error 2

File /home/ubuntu/qt_ros_ws/build/CMakeFiles/CMakeTmp/CheckSymbolExists.cxx:
/* */
#include <QtCore/qglobal.h>

int main(int argc, char** argv)
{
  (void)argv;
#ifndef Q_WS_MAC
  return ((int*)(&Q_WS_MAC))[argc];
#else
  (void)argc;
  return 0;
#endif
}

